<?xml version="1.0" encoding="UTF-8"?>
<!-- Generated by org.testng.reporters.JUnitReportReporter -->
<testsuite hostname="PP-IN-LAP-13" name="Test.TestController" tests="1" failures="0" timestamp="24 Jan 2019 12:54:10 GMT" time="222.574" errors="0">
  <testcase name="TestCase" time="222.574" classname="Test.TestController"/>
</testsuite> <!-- Test.TestController -->
